[000.017350699999951757] [   find_directory@utils.helpers    ] debug     Searching for directory 'locale'
[000000.017461599998569] [   find_directory@utils.helpers    ] debug       Searching directory C:\Users\Colton Wollinger\poc\PixelPulse-6502\emu\utils\helpers.py
[0000.01784389999920677] [   find_directory@utils.helpers    ] debug       Searching directory C:\Users\Colton Wollinger\poc\PixelPulse-6502\emu\utils
[000.018015099998592632] [   find_directory@utils.helpers    ] debug       Searching directory C:\Users\Colton Wollinger\poc\PixelPulse-6502\emu
[000.018142799999623094] [   find_directory@utils.helpers    ] debug       Searching directory C:\Users\Colton Wollinger\poc\PixelPulse-6502
[000.018266399998537963] [        Undefined@Undefined        ] debug       Found directory C:\Users\Colton Wollinger\poc\PixelPulse-6502
[000.018456300000252668] [           (init)@__main__         ] debug     Set locale to en-CA
[000.019463299999188166] [       config_cpu@cpu.cpuhelpers   ] debug     Cart is 0x10000 bytes.
[0000.02018320000024687] [       config_cpu@cpu.cpuhelpers   ] debug     Loaded to 32844
[0000.09944919999907142] [       (MainLoop)@__main__         ] debug     PC: 32846 | A: 0x10  | X: 0x0   | Y: 0x0   | P: 0b110000   | SP: 255 | P1: 0        | P2: 0        | I: RTI         | C: 2     | PS: 0b0   | PIC: None 
[0000.09961119999934454] [         tick_cpu@cpu.cpu_emu      ] debug     Encountered BRK instruction.
[0000.10031909999997879] [       (MainLoop)@__main__         ] debug     PC: 0     | A: 0x10  | X: 0x0   | Y: 0x0   | P: 0b110000   | SP: 2   | P1: 0        | P2: 0        | I: BRK         | C: 8     | PS: 0b0   | PIC: None 
[0000.10053899999911664] [       (MainLoop)@__main__         ] debug     PC: 32776 | A: 0x10  | X: 0x0   | Y: 0x0   | P: 0b110100   | SP: 255 | P1: 0        | P2: 0        | I: JSR $802c   | C: 15    | PS: 0b0   | PIC: None 
[0000.10083680000025197] [       (MainLoop)@__main__         ] debug     PC: 32812 | A: 0x10  | X: 0x0   | Y: 0x0   | P: 0b110100   | SP: 253 | P1: 0        | P2: 0        | I: LDA #$11    | C: 21    | PS: 0b0   | PIC: None 
[0000.10101039999972272] [       (MainLoop)@__main__         ] debug     PC: 32814 | A: 0x11  | X: 0x0   | Y: 0x0   | P: 0b110100   | SP: 253 | P1: 0        | P2: 0        | I: STA $3000   | C: 23    | PS: 0b0   | PIC: None 
[0000.10115549999864015] [       (MainLoop)@__main__         ] debug     PC: 32817 | A: 0x11  | X: 0x0   | Y: 0x0   | P: 0b110100   | SP: 253 | P1: 0        | P2: 0        | I: JSR $8000   | C: 27    | PS: 0b0   | PIC: None 
[00000.1012829999999667] [       (MainLoop)@__main__         ] debug     PC: 32768 | A: 0x11  | X: 0x0   | Y: 0x0   | P: 0b110100   | SP: 251 | P1: 0        | P2: 0        | I: PHA         | C: 33    | PS: 0b0   | PIC: None 
[0000.10140829999909329] [       (MainLoop)@__main__         ] debug     PC: 32769 | A: 0x11  | X: 0x0   | Y: 0x0   | P: 0b110100   | SP: 250 | P1: 0        | P2: 0        | I: LDA #$01    | C: 36    | PS: 0b0   | PIC: None 
[0000.10366049999902316] [       (MainLoop)@__main__         ] debug     PC: 32771 | A: 0x1   | X: 0x0   | Y: 0x0   | P: 0b110100   | SP: 250 | P1: 0        | P2: 0        | I: STA $3024   | C: 38    | PS: 0b0   | PIC: None 
[0000.11134099999981117] [       (MainLoop)@__main__         ] debug     PC: 32774 | A: 0x1   | X: 0x0   | Y: 0x0   | P: 0b110100   | SP: 250 | P1: 0        | P2: 0        | I: PLA         | C: 42    | PS: 0b1   | PIC: None 
[0000.11833440000009432] [       (MainLoop)@__main__         ] debug     PC: 32775 | A: 0x11  | X: 0x0   | Y: 0x0   | P: 0b110100   | SP: 251 | P1: 0        | P2: 0        | I: RTS         | C: 46    | PS: 0b1   | PIC: None 
[0000.12496699999974226] [       (MainLoop)@__main__         ] debug     PC: 32820 | A: 0x11  | X: 0x0   | Y: 0x0   | P: 0b110100   | SP: 253 | P1: 0        | P2: 0        | I: RTS         | C: 52    | PS: 0b1   | PIC: None 
[00000.1311915999995108] [       (MainLoop)@__main__         ] debug     PC: 32779 | A: 0x11  | X: 0x0   | Y: 0x0   | P: 0b110100   | SP: 255 | P1: 0        | P2: 0        | I: JMP $8008   | C: 58    | PS: 0b1   | PIC: None 
[0000.13758140000027197] [       (MainLoop)@__main__         ] debug     PC: 32776 | A: 0x11  | X: 0x0   | Y: 0x0   | P: 0b110100   | SP: 255 | P1: 0        | P2: 0        | I: JSR $802c   | C: 61    | PS: 0b1   | PIC: None 
[0000.14394179999908374] [       (MainLoop)@__main__         ] debug     PC: 32812 | A: 0x11  | X: 0x0   | Y: 0x0   | P: 0b110100   | SP: 253 | P1: 0        | P2: 0        | I: LDA #$11    | C: 67    | PS: 0b1   | PIC: None 
[0000.15036529999997583] [       (MainLoop)@__main__         ] debug     PC: 32814 | A: 0x11  | X: 0x0   | Y: 0x0   | P: 0b110100   | SP: 253 | P1: 0        | P2: 0        | I: STA $3000   | C: 69    | PS: 0b1   | PIC: None 
[0000.15669809999963036] [       (MainLoop)@__main__         ] debug     PC: 32817 | A: 0x11  | X: 0x0   | Y: 0x0   | P: 0b110100   | SP: 253 | P1: 0        | P2: 0        | I: JSR $8000   | C: 73    | PS: 0b1   | PIC: None 
[0000.16330959999868355] [       (MainLoop)@__main__         ] debug     PC: 32768 | A: 0x11  | X: 0x0   | Y: 0x0   | P: 0b110100   | SP: 251 | P1: 0        | P2: 0        | I: PHA         | C: 79    | PS: 0b1   | PIC: None 
[0000.16982309999912104] [       (MainLoop)@__main__         ] debug     PC: 32769 | A: 0x11  | X: 0x0   | Y: 0x0   | P: 0b110100   | SP: 250 | P1: 0        | P2: 0        | I: LDA #$01    | C: 82    | PS: 0b1   | PIC: None 
[0000.17771989999891957] [       (MainLoop)@__main__         ] debug     PC: 32771 | A: 0x1   | X: 0x0   | Y: 0x0   | P: 0b110100   | SP: 250 | P1: 0        | P2: 0        | I: STA $3024   | C: 84    | PS: 0b1   | PIC: None 
[0000.18443289999959234] [       (MainLoop)@__main__         ] debug     PC: 32774 | A: 0x1   | X: 0x0   | Y: 0x0   | P: 0b110100   | SP: 250 | P1: 0        | P2: 0        | I: PLA         | C: 88    | PS: 0b1   | PIC: None 
[0000.19059809999998834] [       (MainLoop)@__main__         ] debug     PC: 32775 | A: 0x11  | X: 0x0   | Y: 0x0   | P: 0b110100   | SP: 251 | P1: 0        | P2: 0        | I: RTS         | C: 92    | PS: 0b1   | PIC: None 
[0000.19739560000016354] [       (MainLoop)@__main__         ] debug     PC: 32820 | A: 0x11  | X: 0x0   | Y: 0x0   | P: 0b110100   | SP: 253 | P1: 0        | P2: 0        | I: RTS         | C: 98    | PS: 0b1   | PIC: None 
[0000.20455709999987448] [       (MainLoop)@__main__         ] debug     PC: 32779 | A: 0x11  | X: 0x0   | Y: 0x0   | P: 0b110100   | SP: 255 | P1: 0        | P2: 0        | I: JMP $8008   | C: 104   | PS: 0b1   | PIC: None 
[0000.21114699999998265] [       (MainLoop)@__main__         ] debug     PC: 32776 | A: 0x11  | X: 0x0   | Y: 0x0   | P: 0b110100   | SP: 255 | P1: 0        | P2: 0        | I: JSR $802c   | C: 107   | PS: 0b1   | PIC: None 
[0000.21750729999985197] [       (MainLoop)@__main__         ] debug     PC: 32812 | A: 0x11  | X: 0x0   | Y: 0x0   | P: 0b110100   | SP: 253 | P1: 0        | P2: 0        | I: LDA #$11    | C: 113   | PS: 0b1   | PIC: None 
[0000.22404219999953057] [       (MainLoop)@__main__         ] debug     PC: 32814 | A: 0x11  | X: 0x0   | Y: 0x0   | P: 0b110100   | SP: 253 | P1: 0        | P2: 0        | I: STA $3000   | C: 115   | PS: 0b1   | PIC: None 
[0000.23055839999869931] [       (MainLoop)@__main__         ] debug     PC: 32817 | A: 0x11  | X: 0x0   | Y: 0x0   | P: 0b110100   | SP: 253 | P1: 0        | P2: 0        | I: JSR $8000   | C: 119   | PS: 0b1   | PIC: None 
[0000.23686889999953564] [       (MainLoop)@__main__         ] debug     PC: 32768 | A: 0x11  | X: 0x0   | Y: 0x0   | P: 0b110100   | SP: 251 | P1: 0        | P2: 0        | I: PHA         | C: 125   | PS: 0b1   | PIC: None 
[00000.2442784999984724] [       (MainLoop)@__main__         ] debug     PC: 32769 | A: 0x11  | X: 0x0   | Y: 0x0   | P: 0b110100   | SP: 250 | P1: 0        | P2: 0        | I: LDA #$01    | C: 128   | PS: 0b1   | PIC: None 
[0000.25111219999962486] [       (MainLoop)@__main__         ] debug     PC: 32771 | A: 0x1   | X: 0x0   | Y: 0x0   | P: 0b110100   | SP: 250 | P1: 0        | P2: 0        | I: STA $3024   | C: 130   | PS: 0b1   | PIC: None 
[00000.2579690999991726] [       (MainLoop)@__main__         ] debug     PC: 32774 | A: 0x1   | X: 0x0   | Y: 0x0   | P: 0b110100   | SP: 250 | P1: 0        | P2: 0        | I: PLA         | C: 134   | PS: 0b1   | PIC: None 
[0000.26459409999915806] [       (MainLoop)@__main__         ] debug     PC: 32775 | A: 0x11  | X: 0x0   | Y: 0x0   | P: 0b110100   | SP: 251 | P1: 0        | P2: 0        | I: RTS         | C: 138   | PS: 0b1   | PIC: None 
[0000.27157719999922847] [       (MainLoop)@__main__         ] debug     PC: 32820 | A: 0x11  | X: 0x0   | Y: 0x0   | P: 0b110100   | SP: 253 | P1: 0        | P2: 0        | I: RTS         | C: 144   | PS: 0b1   | PIC: None 
[0000.27926879999904486] [       (MainLoop)@__main__         ] debug     PC: 32779 | A: 0x11  | X: 0x0   | Y: 0x0   | P: 0b110100   | SP: 255 | P1: 0        | P2: 0        | I: JMP $8008   | C: 150   | PS: 0b1   | PIC: None 
[0000.28630319999865605] [       (MainLoop)@__main__         ] debug     PC: 32776 | A: 0x11  | X: 0x0   | Y: 0x0   | P: 0b110100   | SP: 255 | P1: 0        | P2: 0        | I: JSR $802c   | C: 153   | PS: 0b1   | PIC: None 
[00000.2931792999988829] [       (MainLoop)@__main__         ] debug     PC: 32812 | A: 0x11  | X: 0x0   | Y: 0x0   | P: 0b110100   | SP: 253 | P1: 0        | P2: 0        | I: LDA #$11    | C: 159   | PS: 0b1   | PIC: None 
[0000.29971870000008494] [       (MainLoop)@__main__         ] debug     PC: 32814 | A: 0x11  | X: 0x0   | Y: 0x0   | P: 0b110100   | SP: 253 | P1: 0        | P2: 0        | I: STA $3000   | C: 161   | PS: 0b1   | PIC: None 
[00000.3064235000001645] [       (MainLoop)@__main__         ] debug     PC: 32817 | A: 0x11  | X: 0x0   | Y: 0x0   | P: 0b110100   | SP: 253 | P1: 0        | P2: 0        | I: JSR $8000   | C: 165   | PS: 0b1   | PIC: None 
[0000.31273049999981595] [       (MainLoop)@__main__         ] debug     PC: 32768 | A: 0x11  | X: 0x0   | Y: 0x0   | P: 0b110100   | SP: 251 | P1: 0        | P2: 0        | I: PHA         | C: 171   | PS: 0b1   | PIC: None 
[00000.3197967999985849] [       (MainLoop)@__main__         ] debug     PC: 32769 | A: 0x11  | X: 0x0   | Y: 0x0   | P: 0b110100   | SP: 250 | P1: 0        | P2: 0        | I: LDA #$01    | C: 174   | PS: 0b1   | PIC: None 
[0000.32611720000022615] [       (MainLoop)@__main__         ] debug     PC: 32771 | A: 0x1   | X: 0x0   | Y: 0x0   | P: 0b110100   | SP: 250 | P1: 0        | P2: 0        | I: STA $3024   | C: 176   | PS: 0b1   | PIC: None 
[0000.33421110000017507] [       (MainLoop)@__main__         ] debug     PC: 32774 | A: 0x1   | X: 0x0   | Y: 0x0   | P: 0b110100   | SP: 250 | P1: 0        | P2: 0        | I: PLA         | C: 180   | PS: 0b1   | PIC: None 
[0000.34149819999947795] [       (MainLoop)@__main__         ] debug     PC: 32775 | A: 0x11  | X: 0x0   | Y: 0x0   | P: 0b110100   | SP: 251 | P1: 0        | P2: 0        | I: RTS         | C: 184   | PS: 0b1   | PIC: None 
[0000.34828529999867897] [       (MainLoop)@__main__         ] debug     PC: 32820 | A: 0x11  | X: 0x0   | Y: 0x0   | P: 0b110100   | SP: 253 | P1: 0        | P2: 0        | I: RTS         | C: 190   | PS: 0b1   | PIC: None 
[00000.3550283999993553] [       (MainLoop)@__main__         ] debug     PC: 32779 | A: 0x11  | X: 0x0   | Y: 0x0   | P: 0b110100   | SP: 255 | P1: 0        | P2: 0        | I: JMP $8008   | C: 196   | PS: 0b1   | PIC: None 
[0000.36152469999979076] [       (MainLoop)@__main__         ] debug     PC: 32776 | A: 0x11  | X: 0x0   | Y: 0x0   | P: 0b110100   | SP: 255 | P1: 0        | P2: 0        | I: JSR $802c   | C: 199   | PS: 0b1   | PIC: None 
[0000.36837439999908383] [       (MainLoop)@__main__         ] debug     PC: 32812 | A: 0x11  | X: 0x0   | Y: 0x0   | P: 0b110100   | SP: 253 | P1: 0        | P2: 0        | I: LDA #$11    | C: 205   | PS: 0b1   | PIC: None 
[00000.3746577999991132] [       (MainLoop)@__main__         ] debug     PC: 32814 | A: 0x11  | X: 0x0   | Y: 0x0   | P: 0b110100   | SP: 253 | P1: 0        | P2: 0        | I: STA $3000   | C: 207   | PS: 0b1   | PIC: None 
[00000.3815729999987525] [       (MainLoop)@__main__         ] debug     PC: 32817 | A: 0x11  | X: 0x0   | Y: 0x0   | P: 0b110100   | SP: 253 | P1: 0        | P2: 0        | I: JSR $8000   | C: 211   | PS: 0b1   | PIC: None 
[00000.3886841999992612] [       (MainLoop)@__main__         ] debug     PC: 32768 | A: 0x11  | X: 0x0   | Y: 0x0   | P: 0b110100   | SP: 251 | P1: 0        | P2: 0        | I: PHA         | C: 217   | PS: 0b1   | PIC: None 
[0000.39599749999979394] [       (MainLoop)@__main__         ] debug     PC: 32769 | A: 0x11  | X: 0x0   | Y: 0x0   | P: 0b110100   | SP: 250 | P1: 0        | P2: 0        | I: LDA #$01    | C: 220   | PS: 0b1   | PIC: None 
[0000.40280019999954675] [       (MainLoop)@__main__         ] debug     PC: 32771 | A: 0x1   | X: 0x0   | Y: 0x0   | P: 0b110100   | SP: 250 | P1: 0        | P2: 0        | I: STA $3024   | C: 222   | PS: 0b1   | PIC: None 
[00000.4095029000000068] [       (MainLoop)@__main__         ] debug     PC: 32774 | A: 0x1   | X: 0x0   | Y: 0x0   | P: 0b110100   | SP: 250 | P1: 0        | P2: 0        | I: PLA         | C: 226   | PS: 0b1   | PIC: None 
[00000.4165374999993219] [       (MainLoop)@__main__         ] debug     PC: 32775 | A: 0x11  | X: 0x0   | Y: 0x0   | P: 0b110100   | SP: 251 | P1: 0        | P2: 0        | I: RTS         | C: 230   | PS: 0b1   | PIC: None 
[0000.42369009999856644] [       (MainLoop)@__main__         ] debug     PC: 32820 | A: 0x11  | X: 0x0   | Y: 0x0   | P: 0b110100   | SP: 253 | P1: 0        | P2: 0        | I: RTS         | C: 236   | PS: 0b1   | PIC: None 
[00000.4309207999995124] [       (MainLoop)@__main__         ] debug     PC: 32779 | A: 0x11  | X: 0x0   | Y: 0x0   | P: 0b110100   | SP: 255 | P1: 0        | P2: 0        | I: JMP $8008   | C: 242   | PS: 0b1   | PIC: None 
[0000.43859819999852334] [       (MainLoop)@__main__         ] debug     PC: 32776 | A: 0x11  | X: 0x0   | Y: 0x0   | P: 0b110100   | SP: 255 | P1: 0        | P2: 0        | I: JSR $802c   | C: 245   | PS: 0b1   | PIC: None 
[0000.44569400000000314] [       (MainLoop)@__main__         ] debug     PC: 32812 | A: 0x11  | X: 0x0   | Y: 0x0   | P: 0b110100   | SP: 253 | P1: 0        | P2: 0        | I: LDA #$11    | C: 251   | PS: 0b1   | PIC: None 
[00000.4519191999988834] [       (MainLoop)@__main__         ] debug     PC: 32814 | A: 0x11  | X: 0x0   | Y: 0x0   | P: 0b110100   | SP: 253 | P1: 0        | P2: 0        | I: STA $3000   | C: 253   | PS: 0b1   | PIC: None 
[0000.45897270000023127] [       (MainLoop)@__main__         ] debug     PC: 32817 | A: 0x11  | X: 0x0   | Y: 0x0   | P: 0b110100   | SP: 253 | P1: 0        | P2: 0        | I: JSR $8000   | C: 257   | PS: 0b1   | PIC: None 
[0000.46604049999950803] [       (MainLoop)@__main__         ] debug     PC: 32768 | A: 0x11  | X: 0x0   | Y: 0x0   | P: 0b110100   | SP: 251 | P1: 0        | P2: 0        | I: PHA         | C: 263   | PS: 0b1   | PIC: None 
[00000.4731668999993417] [       (MainLoop)@__main__         ] debug     PC: 32769 | A: 0x11  | X: 0x0   | Y: 0x0   | P: 0b110100   | SP: 250 | P1: 0        | P2: 0        | I: LDA #$01    | C: 266   | PS: 0b1   | PIC: None 
[0000.48030459999972663] [       (MainLoop)@__main__         ] debug     PC: 32771 | A: 0x1   | X: 0x0   | Y: 0x0   | P: 0b110100   | SP: 250 | P1: 0        | P2: 0        | I: STA $3024   | C: 268   | PS: 0b1   | PIC: None 
[00000.4871530000000348] [       (MainLoop)@__main__         ] debug     PC: 32774 | A: 0x1   | X: 0x0   | Y: 0x0   | P: 0b110100   | SP: 250 | P1: 0        | P2: 0        | I: PLA         | C: 272   | PS: 0b1   | PIC: None 
[0000.49347059999854537] [       (MainLoop)@__main__         ] debug     PC: 32775 | A: 0x11  | X: 0x0   | Y: 0x0   | P: 0b110100   | SP: 251 | P1: 0        | P2: 0        | I: RTS         | C: 276   | PS: 0b1   | PIC: None 
[00000.5005989999990561] [       (MainLoop)@__main__         ] debug     PC: 32820 | A: 0x11  | X: 0x0   | Y: 0x0   | P: 0b110100   | SP: 253 | P1: 0        | P2: 0        | I: RTS         | C: 282   | PS: 0b1   | PIC: None 
[00000.5073314999990544] [       (MainLoop)@__main__         ] debug     PC: 32779 | A: 0x11  | X: 0x0   | Y: 0x0   | P: 0b110100   | SP: 255 | P1: 0        | P2: 0        | I: JMP $8008   | C: 288   | PS: 0b1   | PIC: None 
[00000.5141363000002457] [       (MainLoop)@__main__         ] debug     PC: 32776 | A: 0x11  | X: 0x0   | Y: 0x0   | P: 0b110100   | SP: 255 | P1: 0        | P2: 0        | I: JSR $802c   | C: 291   | PS: 0b1   | PIC: None 
[00000.5214589999995951] [       (MainLoop)@__main__         ] debug     PC: 32812 | A: 0x11  | X: 0x0   | Y: 0x0   | P: 0b110100   | SP: 253 | P1: 0        | P2: 0        | I: LDA #$11    | C: 297   | PS: 0b1   | PIC: None 
[00000.5287107999993168] [       (MainLoop)@__main__         ] debug     PC: 32814 | A: 0x11  | X: 0x0   | Y: 0x0   | P: 0b110100   | SP: 253 | P1: 0        | P2: 0        | I: STA $3000   | C: 299   | PS: 0b1   | PIC: None 
[00000.5358798999986902] [       (MainLoop)@__main__         ] debug     PC: 32817 | A: 0x11  | X: 0x0   | Y: 0x0   | P: 0b110100   | SP: 253 | P1: 0        | P2: 0        | I: JSR $8000   | C: 303   | PS: 0b1   | PIC: None 
[00000.5424848000002385] [       (MainLoop)@__main__         ] debug     PC: 32768 | A: 0x11  | X: 0x0   | Y: 0x0   | P: 0b110100   | SP: 251 | P1: 0        | P2: 0        | I: PHA         | C: 309   | PS: 0b1   | PIC: None 
[00000.5492121999996016] [       (MainLoop)@__main__         ] debug     PC: 32769 | A: 0x11  | X: 0x0   | Y: 0x0   | P: 0b110100   | SP: 250 | P1: 0        | P2: 0        | I: LDA #$01    | C: 312   | PS: 0b1   | PIC: None 
[00000.5560655999997834] [       (MainLoop)@__main__         ] debug     PC: 32771 | A: 0x1   | X: 0x0   | Y: 0x0   | P: 0b110100   | SP: 250 | P1: 0        | P2: 0        | I: STA $3024   | C: 314   | PS: 0b1   | PIC: None 
[00000.5628625999997894] [       (MainLoop)@__main__         ] debug     PC: 32774 | A: 0x1   | X: 0x0   | Y: 0x0   | P: 0b110100   | SP: 250 | P1: 0        | P2: 0        | I: PLA         | C: 318   | PS: 0b1   | PIC: None 
[00000.5697017999991658] [       (MainLoop)@__main__         ] debug     PC: 32775 | A: 0x11  | X: 0x0   | Y: 0x0   | P: 0b110100   | SP: 251 | P1: 0        | P2: 0        | I: RTS         | C: 322   | PS: 0b1   | PIC: None 
[00000.5766392999994423] [       (MainLoop)@__main__         ] debug     PC: 32820 | A: 0x11  | X: 0x0   | Y: 0x0   | P: 0b110100   | SP: 253 | P1: 0        | P2: 0        | I: RTS         | C: 328   | PS: 0b1   | PIC: None 
[00000.5838714000001346] [       (MainLoop)@__main__         ] debug     PC: 32779 | A: 0x11  | X: 0x0   | Y: 0x0   | P: 0b110100   | SP: 255 | P1: 0        | P2: 0        | I: JMP $8008   | C: 334   | PS: 0b1   | PIC: None 
[00000.5906963999987056] [       (MainLoop)@__main__         ] debug     PC: 32776 | A: 0x11  | X: 0x0   | Y: 0x0   | P: 0b110100   | SP: 255 | P1: 0        | P2: 0        | I: JSR $802c   | C: 337   | PS: 0b1   | PIC: None 
[00000.5968902999993588] [       (MainLoop)@__main__         ] debug     PC: 32812 | A: 0x11  | X: 0x0   | Y: 0x0   | P: 0b110100   | SP: 253 | P1: 0        | P2: 0        | I: LDA #$11    | C: 343   | PS: 0b1   | PIC: None 
[00000.6037828999997146] [       (MainLoop)@__main__         ] debug     PC: 32814 | A: 0x11  | X: 0x0   | Y: 0x0   | P: 0b110100   | SP: 253 | P1: 0        | P2: 0        | I: STA $3000   | C: 345   | PS: 0b1   | PIC: None 
[00000.6100890999987314] [       (MainLoop)@__main__         ] debug     PC: 32817 | A: 0x11  | X: 0x0   | Y: 0x0   | P: 0b110100   | SP: 253 | P1: 0        | P2: 0        | I: JSR $8000   | C: 349   | PS: 0b1   | PIC: None 
[00000.6172424999986106] [       (MainLoop)@__main__         ] debug     PC: 32768 | A: 0x11  | X: 0x0   | Y: 0x0   | P: 0b110100   | SP: 251 | P1: 0        | P2: 0        | I: PHA         | C: 355   | PS: 0b1   | PIC: None 
[00000.6266343999996025] [       (MainLoop)@__main__         ] debug     PC: 32769 | A: 0x11  | X: 0x0   | Y: 0x0   | P: 0b110100   | SP: 250 | P1: 0        | P2: 0        | I: LDA #$01    | C: 358   | PS: 0b1   | PIC: None 
[00000.6333300999995117] [       (MainLoop)@__main__         ] debug     PC: 32771 | A: 0x1   | X: 0x0   | Y: 0x0   | P: 0b110100   | SP: 250 | P1: 0        | P2: 0        | I: STA $3024   | C: 360   | PS: 0b1   | PIC: None 
[000000.639915399999154] [       (MainLoop)@__main__         ] debug     PC: 32774 | A: 0x1   | X: 0x0   | Y: 0x0   | P: 0b110100   | SP: 250 | P1: 0        | P2: 0        | I: PLA         | C: 364   | PS: 0b1   | PIC: None 
[00000.6468281999987084] [       (MainLoop)@__main__         ] debug     PC: 32775 | A: 0x11  | X: 0x0   | Y: 0x0   | P: 0b110100   | SP: 251 | P1: 0        | P2: 0        | I: RTS         | C: 368   | PS: 0b1   | PIC: None 
[00000.6538411999990785] [       (MainLoop)@__main__         ] debug     PC: 32820 | A: 0x11  | X: 0x0   | Y: 0x0   | P: 0b110100   | SP: 253 | P1: 0        | P2: 0        | I: RTS         | C: 374   | PS: 0b1   | PIC: None 
[00000.6611068000001978] [       (MainLoop)@__main__         ] debug     PC: 32779 | A: 0x11  | X: 0x0   | Y: 0x0   | P: 0b110100   | SP: 255 | P1: 0        | P2: 0        | I: JMP $8008   | C: 380   | PS: 0b1   | PIC: None 
[00000.6689596999985952] [       (MainLoop)@__main__         ] debug     PC: 32776 | A: 0x11  | X: 0x0   | Y: 0x0   | P: 0b110100   | SP: 255 | P1: 0        | P2: 0        | I: JSR $802c   | C: 383   | PS: 0b1   | PIC: None 
[00000.6758443999988231] [       (MainLoop)@__main__         ] debug     PC: 32812 | A: 0x11  | X: 0x0   | Y: 0x0   | P: 0b110100   | SP: 253 | P1: 0        | P2: 0        | I: LDA #$11    | C: 389   | PS: 0b1   | PIC: None 
[00000.6835073999991437] [       (MainLoop)@__main__         ] debug     PC: 32814 | A: 0x11  | X: 0x0   | Y: 0x0   | P: 0b110100   | SP: 253 | P1: 0        | P2: 0        | I: STA $3000   | C: 391   | PS: 0b1   | PIC: None 
[00000.6908450999999332] [       (MainLoop)@__main__         ] debug     PC: 32817 | A: 0x11  | X: 0x0   | Y: 0x0   | P: 0b110100   | SP: 253 | P1: 0        | P2: 0        | I: JSR $8000   | C: 395   | PS: 0b1   | PIC: None 
[00000.6987171999990096] [       (MainLoop)@__main__         ] debug     PC: 32768 | A: 0x11  | X: 0x0   | Y: 0x0   | P: 0b110100   | SP: 251 | P1: 0        | P2: 0        | I: PHA         | C: 401   | PS: 0b1   | PIC: None 
[00000.7056536999989476] [       (MainLoop)@__main__         ] debug     PC: 32769 | A: 0x11  | X: 0x0   | Y: 0x0   | P: 0b110100   | SP: 250 | P1: 0        | P2: 0        | I: LDA #$01    | C: 404   | PS: 0b1   | PIC: None 
[00000.7124773999985337] [       (MainLoop)@__main__         ] debug     PC: 32771 | A: 0x1   | X: 0x0   | Y: 0x0   | P: 0b110100   | SP: 250 | P1: 0        | P2: 0        | I: STA $3024   | C: 406   | PS: 0b1   | PIC: None 
[00000.7187087000002066] [       (MainLoop)@__main__         ] debug     PC: 32774 | A: 0x1   | X: 0x0   | Y: 0x0   | P: 0b110100   | SP: 250 | P1: 0        | P2: 0        | I: PLA         | C: 410   | PS: 0b1   | PIC: None 
[00000.7257395999986329] [       (MainLoop)@__main__         ] debug     PC: 32775 | A: 0x11  | X: 0x0   | Y: 0x0   | P: 0b110100   | SP: 251 | P1: 0        | P2: 0        | I: RTS         | C: 414   | PS: 0b1   | PIC: None 
[000000.732227899999998] [       (MainLoop)@__main__         ] debug     PC: 32820 | A: 0x11  | X: 0x0   | Y: 0x0   | P: 0b110100   | SP: 253 | P1: 0        | P2: 0        | I: RTS         | C: 420   | PS: 0b1   | PIC: None 
[00000.7391578999995545] [       (MainLoop)@__main__         ] debug     PC: 32779 | A: 0x11  | X: 0x0   | Y: 0x0   | P: 0b110100   | SP: 255 | P1: 0        | P2: 0        | I: JMP $8008   | C: 426   | PS: 0b1   | PIC: None 
[00000.7470734999988053] [       (MainLoop)@__main__         ] debug     PC: 32776 | A: 0x11  | X: 0x0   | Y: 0x0   | P: 0b110100   | SP: 255 | P1: 0        | P2: 0        | I: JSR $802c   | C: 429   | PS: 0b1   | PIC: None 
[00000.7542488999988564] [       (MainLoop)@__main__         ] debug     PC: 32812 | A: 0x11  | X: 0x0   | Y: 0x0   | P: 0b110100   | SP: 253 | P1: 0        | P2: 0        | I: LDA #$11    | C: 435   | PS: 0b1   | PIC: None 
[00000.7608478999991348] [       (MainLoop)@__main__         ] debug     PC: 32814 | A: 0x11  | X: 0x0   | Y: 0x0   | P: 0b110100   | SP: 253 | P1: 0        | P2: 0        | I: STA $3000   | C: 437   | PS: 0b1   | PIC: None 
[00000.7675002999985736] [       (MainLoop)@__main__         ] debug     PC: 32817 | A: 0x11  | X: 0x0   | Y: 0x0   | P: 0b110100   | SP: 253 | P1: 0        | P2: 0        | I: JSR $8000   | C: 441   | PS: 0b1   | PIC: None 
[00000.7739738000000216] [       (MainLoop)@__main__         ] debug     PC: 32768 | A: 0x11  | X: 0x0   | Y: 0x0   | P: 0b110100   | SP: 251 | P1: 0        | P2: 0        | I: PHA         | C: 447   | PS: 0b1   | PIC: None 
[00000.7813228999984858] [       (MainLoop)@__main__         ] debug     PC: 32769 | A: 0x11  | X: 0x0   | Y: 0x0   | P: 0b110100   | SP: 250 | P1: 0        | P2: 0        | I: LDA #$01    | C: 450   | PS: 0b1   | PIC: None 
[00000.7881621999986237] [       (MainLoop)@__main__         ] debug     PC: 32771 | A: 0x1   | X: 0x0   | Y: 0x0   | P: 0b110100   | SP: 250 | P1: 0        | P2: 0        | I: STA $3024   | C: 452   | PS: 0b1   | PIC: None 
[00000.7950876999984757] [       (MainLoop)@__main__         ] debug     PC: 32774 | A: 0x1   | X: 0x0   | Y: 0x0   | P: 0b110100   | SP: 250 | P1: 0        | P2: 0        | I: PLA         | C: 456   | PS: 0b1   | PIC: None 
[00000.8027566999990086] [       (MainLoop)@__main__         ] debug     PC: 32775 | A: 0x11  | X: 0x0   | Y: 0x0   | P: 0b110100   | SP: 251 | P1: 0        | P2: 0        | I: RTS         | C: 460   | PS: 0b1   | PIC: None 
[00000.8092607999988104] [       (MainLoop)@__main__         ] debug     PC: 32820 | A: 0x11  | X: 0x0   | Y: 0x0   | P: 0b110100   | SP: 253 | P1: 0        | P2: 0        | I: RTS         | C: 466   | PS: 0b1   | PIC: None 
[00000.8158501999987493] [       (MainLoop)@__main__         ] debug     PC: 32779 | A: 0x11  | X: 0x0   | Y: 0x0   | P: 0b110100   | SP: 255 | P1: 0        | P2: 0        | I: JMP $8008   | C: 472   | PS: 0b1   | PIC: None 
[00000.8222222999993392] [       (MainLoop)@__main__         ] debug     PC: 32776 | A: 0x11  | X: 0x0   | Y: 0x0   | P: 0b110100   | SP: 255 | P1: 0        | P2: 0        | I: JSR $802c   | C: 475   | PS: 0b1   | PIC: None 
[00000.8287744999997813] [       (MainLoop)@__main__         ] debug     PC: 32812 | A: 0x11  | X: 0x0   | Y: 0x0   | P: 0b110100   | SP: 253 | P1: 0        | P2: 0        | I: LDA #$11    | C: 481   | PS: 0b1   | PIC: None 
[00000.8353012999996281] [       (MainLoop)@__main__         ] debug     PC: 32814 | A: 0x11  | X: 0x0   | Y: 0x0   | P: 0b110100   | SP: 253 | P1: 0        | P2: 0        | I: STA $3000   | C: 483   | PS: 0b1   | PIC: None 
[00000.8417250000002241] [       (MainLoop)@__main__         ] debug     PC: 32817 | A: 0x11  | X: 0x0   | Y: 0x0   | P: 0b110100   | SP: 253 | P1: 0        | P2: 0        | I: JSR $8000   | C: 487   | PS: 0b1   | PIC: None 
[00000.8485139999993407] [       (MainLoop)@__main__         ] debug     PC: 32768 | A: 0x11  | X: 0x0   | Y: 0x0   | P: 0b110100   | SP: 251 | P1: 0        | P2: 0        | I: PHA         | C: 493   | PS: 0b1   | PIC: None 
[00000.8550168000001577] [       (MainLoop)@__main__         ] debug     PC: 32769 | A: 0x11  | X: 0x0   | Y: 0x0   | P: 0b110100   | SP: 250 | P1: 0        | P2: 0        | I: LDA #$01    | C: 496   | PS: 0b1   | PIC: None 
[00000.8620190999990882] [       (MainLoop)@__main__         ] debug     PC: 32771 | A: 0x1   | X: 0x0   | Y: 0x0   | P: 0b110100   | SP: 250 | P1: 0        | P2: 0        | I: STA $3024   | C: 498   | PS: 0b1   | PIC: None 
